<?xml version="1.0" encoding="UTF-8"?>
<!-- Generated by org.testng.reporters.JUnitReportReporter -->
<testsuite hostname="Spys-Air.lan" failures="0" tests="1" name="pavanacademy.tests.StandAlone3" time="5.003" errors="0" timestamp="2023-11-11T18:40:00 EST" skipped="0">
  <testcase classname="pavanacademy.tests.StandAlone3" name="submitOrder" time="5.003"/>
</testsuite> <!-- pavanacademy.tests.StandAlone3 -->
