<?xml version="1.0" encoding="UTF-8"?>
<!-- Generated by org.testng.reporters.JUnitReportReporter -->
<testsuite hostname="Spys-Air.lan" failures="0" tests="4" name="pavanacademy.tests.SubmitOrder" time="31.593" errors="0" timestamp="2023-11-22T01:00:36 EST" skipped="0">
  <testcase classname="pavanacademy.tests.SubmitOrder" name="submitOrder" time="9.538"/>
  <system-out/>
  <testcase classname="pavanacademy.tests.SubmitOrder" name="OrderCheck" time="6.879"/>
  <system-out/>
  <testcase classname="pavanacademy.tests.SubmitOrder" name="submitOrder" time="8.827"/>
  <system-out/>
  <testcase classname="pavanacademy.tests.SubmitOrder" name="OrderCheck" time="6.349"/>
  <system-out/>
</testsuite> <!-- pavanacademy.tests.SubmitOrder -->
