<?xml version="1.0" encoding="UTF-8"?>
<!-- Generated by org.testng.reporters.JUnitReportReporter -->
<testsuite hostname="Spys-Air.lan" failures="0" tests="1" name="pavanacademy.tests.StandAlone" time="9.556" errors="0" timestamp="2023-11-11T18:35:45 EST" skipped="0">
  <testcase classname="pavanacademy.tests.StandAlone" name="submitOrder" time="9.556"/>
</testsuite> <!-- pavanacademy.tests.StandAlone -->
